"blank"					"==========================="
"blank"					"#Valve_Movement_Title"
"blank"					"==========================="
"+forward"				"#Valve_Move_Forward"
"+back"					"#Valve_Move_Back"
"+left"					"#Valve_Turn_Left"
"+right"				"#Valve_Turn_Right"
"+moveleft"				"#Valve_Move_Left"
"+moveright"			"#Valve_Move_Right"
"+jump"					"#Valve_Jump"
"+duck"					"#Valve_Duck"
"+speed"				"#Valve_Walk"
"+use"					"#Valve_Use_Items"
"+moveup"				"#Valve_Swim_Up"
"+movedown"				"#Valve_Swim_Down"
"+lookup"				"#Valve_Look_Up"
"+lookdown"				"#Valve_Look_Down"
"centerview"			"#Valve_Look_Straight_Ahead"
"+strafe"				"#Valve_Strafe_Modifier"
"+mlook"				"#Valve_Mouse_Look_Modifier"
"+klook"				"#Valve_Keyboard_Look_Modifier"
"blank"					"==========================="
"blank"					"#Valve_Communication_Title"
"blank"					"==========================="
"+voicerecord"			"#Valve_Use_Voice_Communication"
"messagemode"			"#Valve_Chat_Message"
"messagemode2"			"#Valve_Team_Message"
"blank"					"==========================="
"blank"					"#Valve_Combat_Title"
"blank"					"==========================="
"+attack"				"#Valve_Primary_Attack"
"+attack2"				"#Valve_Secondary_Attack"
"+alt1"					"Третичная атака (бросить лом)"
"+reload"				"#Valve_Reload_Weapon"
"impulse 100"			"#Valve_Flashlight"
"impulse 201"			"#Valve_Spray_Logo"
"slot1"					"#Valve_Weapon_Category_1"
"slot2"					"#Valve_Weapon_Category_2"
"slot3" 				"#Valve_Weapon_Category_3"
"slot4"					"#Valve_Weapon_Category_4"
"slot5"					"#Valve_Weapon_Category_5"
"slot6"					"#Valve_Weapon_Category_6"
"slot7"					"#Valve_Weapon_Category_7"
"slot8"					"#Valve_Weapon_Category_8"
"slot9"					"#Valve_Weapon_Category_9"
"slot10"				"#Valve_Weapon_Category_0"
"invprev"				"#Valve_Previous_Weapon"
"invnext"				"#Valve_Next_Weapon"
"lastinv"				"#Valve_Last_Weapon_Used"
"blank"					"==========================="
"blank"					"КОМАНДЫ"
"blank"					"==========================="
"+commandmenu"			"Командное меню"
"votemenu"				"Меню голосования"
"inventory"				"Меню инвентаря"
"medic"					"Позвать медика"
"grenade;npc_findcover"	"Крикнуть об опасности"
"drop"					"Бросить текущее оружие"
"dropammo"				"Бросить первичные патроны"
"dropsecammo"			"Бросить вторичные патроны"
"stuck"					"Отклеить себя если застрял"
"kill"					"Совершить самоубийство"
"sc_chasecam"			"Переключить режим обзора"
"missionbriefing"		"Инструктаж карты"
"servermotd"			"Информация о сервере"
"blank"					"==========================="
"blank"					"МЕДИАПРОИГРЫВАТЕЛЬ"
"blank"					"==========================="
"mediaplayer"			"Медиапроигрыватель"
"playmedia"				"Воспроизвести песню"
"nextsong"				"Следующий трек"
"lastsong"				"Предыдущий трек"
"stopsong"				"Выключить медиапроигрыватель"
"blank"					"==========================="
"blank"					"ВЗАИМОДЕЙСТВИЕ С NPC"
"blank"					"==========================="
"npc_return"			"Вернись ко мне"
"npc_attackmytarget"	"Атакуй мою цель"
"npc_findcover"			"Остановись и найди укрытие"
"npc_moveto"			"Двигайся к позиции"
"blank"					"==========================="
"blank"					"#Valve_Miscellaneous_Title"
"blank"					"==========================="
"+showscores"			"#Valve_Display_Scores"
"snapshot"				"#Valve_Take_Screen_Shot"
"quit"					"#Valve_Quit_Game"
